0 info it worked if it ends with ok
1 verbose cli [ '/Users/taroko/.nvm/versions/node/v5.1.1/bin/node',
1 verbose cli   '/Users/taroko/.nvm/versions/node/v5.1.1/bin/npm',
1 verbose cli   'run',
1 verbose cli   'watch' ]
2 info using npm@3.3.12
3 info using node@v5.1.1
4 verbose run-script [ 'prewatch', 'watch', 'postwatch' ]
5 info lifecycle webpack-es6-demo@1.0.0~prewatch: webpack-es6-demo@1.0.0
6 silly lifecycle webpack-es6-demo@1.0.0~prewatch: no script for prewatch, continuing
7 info lifecycle webpack-es6-demo@1.0.0~watch: webpack-es6-demo@1.0.0
8 verbose lifecycle webpack-es6-demo@1.0.0~watch: unsafe-perm in lifecycle true
9 verbose lifecycle webpack-es6-demo@1.0.0~watch: PATH: /Users/taroko/.nvm/versions/node/v5.1.1/lib/node_modules/npm/bin/node-gyp-bin:/Users/taroko/javascript30/node_modules/.bin:/Users/taroko/.nvm/versions/node/v5.1.1/bin:/Users/taroko/.rvm/gems/jruby-9.0.4.0/bin:/Users/taroko/.rvm/gems/jruby-9.0.4.0@global/bin:/Users/taroko/.rvm/rubies/jruby-9.0.4.0/bin:/Users/taroko/.yarn/bin:/usr/local/bin:/usr/bin:/bin:/usr/sbin:/sbin:/Users/taroko/.rvm/bin
10 verbose lifecycle webpack-es6-demo@1.0.0~watch: CWD: /Users/taroko/javascript30
11 silly lifecycle webpack-es6-demo@1.0.0~watch: Args: [ '-c', 'webpack --watch' ]
12 silly lifecycle webpack-es6-demo@1.0.0~watch: Returned: code: 1  signal: null
13 info lifecycle webpack-es6-demo@1.0.0~watch: Failed to exec watch script
14 verbose stack Error: webpack-es6-demo@1.0.0 watch: `webpack --watch`
14 verbose stack Exit status 1
14 verbose stack     at EventEmitter.<anonymous> (/Users/taroko/.nvm/versions/node/v5.1.1/lib/node_modules/npm/lib/utils/lifecycle.js:232:16)
14 verbose stack     at emitTwo (events.js:87:13)
14 verbose stack     at EventEmitter.emit (events.js:172:7)
14 verbose stack     at ChildProcess.<anonymous> (/Users/taroko/.nvm/versions/node/v5.1.1/lib/node_modules/npm/lib/utils/spawn.js:24:14)
14 verbose stack     at emitTwo (events.js:87:13)
14 verbose stack     at ChildProcess.emit (events.js:172:7)
14 verbose stack     at maybeClose (internal/child_process.js:818:16)
14 verbose stack     at Process.ChildProcess._handle.onexit (internal/child_process.js:211:5)
15 verbose pkgid webpack-es6-demo@1.0.0
16 verbose cwd /Users/taroko/javascript30
17 error Darwin 15.6.0
18 error argv "/Users/taroko/.nvm/versions/node/v5.1.1/bin/node" "/Users/taroko/.nvm/versions/node/v5.1.1/bin/npm" "run" "watch"
19 error node v5.1.1
20 error npm  v3.3.12
21 error code ELIFECYCLE
22 error webpack-es6-demo@1.0.0 watch: `webpack --watch`
22 error Exit status 1
23 error Failed at the webpack-es6-demo@1.0.0 watch script 'webpack --watch'.
23 error Make sure you have the latest version of node.js and npm installed.
23 error If you do, this is most likely a problem with the webpack-es6-demo package,
23 error not with npm itself.
23 error Tell the author that this fails on your system:
23 error     webpack --watch
23 error You can get their info via:
23 error     npm owner ls webpack-es6-demo
23 error There is likely additional logging output above.
24 verbose exit [ 1, true ]
